[+] Containers:
 |- [+] Container: /Game/FrontLocation
 |   |- [+] ActorDescs:
 |   |   |- Guid:5301C6DB44913AD3A9EB9CEA413E9188 NativeClass:/Script/Engine.WorldDataLayers Name:WorldDataLayers Label:WorldDataLayers-1 SpatiallyLoaded:false EditorBounds:IsValid=false EditorBoundsRelative:IsValid=false RuntimeBounds:IsValid=true, Min=(X=0.000 Y=0.000 Z=0.000), Max=(X=0.000 Y=0.000 Z=0.000) RuntimeBoundsRelative:IsValid=true, Center=(X=0.000 Y=0.000 Z=0.000), Rotation=(X=-0.000 Y=0.000 Z=0.000), Extents=(X=0.000 Y=0.000 Z=0.000) RuntimeGrid:None EditorOnly:false RuntimeOnly:false HLODRelevant:false ListedInSceneOutliner:true IsMainWorldOnly:true View=(RuntimeGrid=MainGrid RuntimeHLODLayer=none bIsForcedNonSpatiallyLoaded=false bIsForcedNoRuntimeGrid=false bIsForcedNoDataLayers=false bIsForceNoHLODLayer=false bIsForcedHLODIrrelevant=false)
 |   |   |- Guid:5BF459B6A0413719A0C46C083E038DCA NativeClass:/Script/Engine.StaticMeshActor Name:StaticMeshActor_UAID_A4AE111137DC54FB00_1240666663 Label:SM_SkySphere SpatiallyLoaded:false EditorBounds:IsValid=true, Min=(X=-1638400.000 Y=-1638400.000 Z=-1638400.000), Max=(X=1638400.000 Y=1638400.000 Z=1638400.000) EditorBoundsRelative:IsValid=true, Center=(X=0.000 Y=0.000 Z=0.000), Rotation=(X=-0.000 Y=0.000 Z=0.000), Extents=(X=4096.000 Y=4096.000 Z=4096.000) RuntimeBounds:IsValid=true, Min=(X=-1638400.000 Y=-1638400.000 Z=-1638400.000), Max=(X=1638400.000 Y=1638400.000 Z=1638400.000) RuntimeBoundsRelative:IsValid=true, Center=(X=0.000 Y=0.000 Z=0.000), Rotation=(X=-0.000 Y=0.000 Z=0.000), Extents=(X=4096.000 Y=4096.000 Z=4096.000) RuntimeGrid:None EditorOnly:false RuntimeOnly:false HLODRelevant:false ListedInSceneOutliner:true IsMainWorldOnly:true FolderPath:Lighting FolderGuid:B7E9BD5B45A652654791988DEF54CCEB View=(RuntimeGrid=MainGrid RuntimeHLODLayer=none bIsForcedNonSpatiallyLoaded=false bIsForcedNoRuntimeGrid=false bIsForcedNoDataLayers=false bIsForceNoHLODLayer=false bIsForcedHLODIrrelevant=false)
 |   |   |- Guid:E77E3B9055E13D0D8E8D33212FF6C371 BaseClass:/Game/Luminary.Luminary_C NativeClass:/Script/DisplayCluster.DisplayClusterRootActor Name:ThreeWallConfig_C_UAID_98597AE3854ABE9802_1361130451 Label:ThreeWallConfig SpatiallyLoaded:false EditorBounds:IsValid=true, Min=(X=-1086.991 Y=-632.516 Z=-108.000), Max=(X=132.961 Y=363.451 Z=242.000) EditorBoundsRelative:IsValid=true, Center=(X=-5.278 Y=22.463 Z=97.000), Rotation=(X=-0.000 Y=0.000 Z=160.000), Extents=(X=609.976 Y=497.983 Z=175.000) RuntimeBounds:IsValid=true, Min=(X=-1086.991 Y=-632.516 Z=-80.000), Max=(X=132.961 Y=363.451 Z=242.000) RuntimeBoundsRelative:IsValid=true, Center=(X=-5.278 Y=22.463 Z=111.000), Rotation=(X=-0.000 Y=0.000 Z=160.000), Extents=(X=609.976 Y=497.983 Z=161.000) RuntimeGrid:None EditorOnly:false RuntimeOnly:false HLODRelevant:false ListedInSceneOutliner:true IsMainWorldOnly:false View=(RuntimeGrid=MainGrid RuntimeHLODLayer=none bIsForcedNonSpatiallyLoaded=false bIsForcedNoRuntimeGrid=false bIsForcedNoDataLayers=false bIsForceNoHLODLayer=false bIsForcedHLODIrrelevant=false)
 |   |- [+] Clusters:
 |   |   |- [+] [  0]
 |   |   |   |- Guid:5301C6DB44913AD3A9EB9CEA413E9188 NativeClass:/Script/Engine.WorldDataLayers Name:WorldDataLayers Label:WorldDataLayers-1 SpatiallyLoaded:false EditorBounds:IsValid=false EditorBoundsRelative:IsValid=false RuntimeBounds:IsValid=true, Min=(X=0.000 Y=0.000 Z=0.000), Max=(X=0.000 Y=0.000 Z=0.000) RuntimeBoundsRelative:IsValid=true, Center=(X=0.000 Y=0.000 Z=0.000), Rotation=(X=-0.000 Y=0.000 Z=0.000), Extents=(X=0.000 Y=0.000 Z=0.000) RuntimeGrid:None EditorOnly:false RuntimeOnly:false HLODRelevant:false ListedInSceneOutliner:true IsMainWorldOnly:true View=(RuntimeGrid=MainGrid RuntimeHLODLayer=none bIsForcedNonSpatiallyLoaded=false bIsForcedNoRuntimeGrid=false bIsForcedNoDataLayers=false bIsForceNoHLODLayer=false bIsForcedHLODIrrelevant=false)
 |   |   |- [+] [  1]
 |   |   |   |- Guid:5BF459B6A0413719A0C46C083E038DCA NativeClass:/Script/Engine.StaticMeshActor Name:StaticMeshActor_UAID_A4AE111137DC54FB00_1240666663 Label:SM_SkySphere SpatiallyLoaded:false EditorBounds:IsValid=true, Min=(X=-1638400.000 Y=-1638400.000 Z=-1638400.000), Max=(X=1638400.000 Y=1638400.000 Z=1638400.000) EditorBoundsRelative:IsValid=true, Center=(X=0.000 Y=0.000 Z=0.000), Rotation=(X=-0.000 Y=0.000 Z=0.000), Extents=(X=4096.000 Y=4096.000 Z=4096.000) RuntimeBounds:IsValid=true, Min=(X=-1638400.000 Y=-1638400.000 Z=-1638400.000), Max=(X=1638400.000 Y=1638400.000 Z=1638400.000) RuntimeBoundsRelative:IsValid=true, Center=(X=0.000 Y=0.000 Z=0.000), Rotation=(X=-0.000 Y=0.000 Z=0.000), Extents=(X=4096.000 Y=4096.000 Z=4096.000) RuntimeGrid:None EditorOnly:false RuntimeOnly:false HLODRelevant:false ListedInSceneOutliner:true IsMainWorldOnly:true FolderPath:Lighting FolderGuid:B7E9BD5B45A652654791988DEF54CCEB View=(RuntimeGrid=MainGrid RuntimeHLODLayer=none bIsForcedNonSpatiallyLoaded=false bIsForcedNoRuntimeGrid=false bIsForcedNoDataLayers=false bIsForceNoHLODLayer=false bIsForcedHLODIrrelevant=false)
 |   |   |- [+] [  2]
 |   |   |   |- Guid:E77E3B9055E13D0D8E8D33212FF6C371 BaseClass:/Game/Luminary.Luminary_C NativeClass:/Script/DisplayCluster.DisplayClusterRootActor Name:ThreeWallConfig_C_UAID_98597AE3854ABE9802_1361130451 Label:ThreeWallConfig SpatiallyLoaded:false EditorBounds:IsValid=true, Min=(X=-1086.991 Y=-632.516 Z=-108.000), Max=(X=132.961 Y=363.451 Z=242.000) EditorBoundsRelative:IsValid=true, Center=(X=-5.278 Y=22.463 Z=97.000), Rotation=(X=-0.000 Y=0.000 Z=160.000), Extents=(X=609.976 Y=497.983 Z=175.000) RuntimeBounds:IsValid=true, Min=(X=-1086.991 Y=-632.516 Z=-80.000), Max=(X=132.961 Y=363.451 Z=242.000) RuntimeBoundsRelative:IsValid=true, Center=(X=-5.278 Y=22.463 Z=111.000), Rotation=(X=-0.000 Y=0.000 Z=160.000), Extents=(X=609.976 Y=497.983 Z=161.000) RuntimeGrid:None EditorOnly:false RuntimeOnly:false HLODRelevant:false ListedInSceneOutliner:true IsMainWorldOnly:false View=(RuntimeGrid=MainGrid RuntimeHLODLayer=none bIsForcedNonSpatiallyLoaded=false bIsForcedNoRuntimeGrid=false bIsForcedNoDataLayers=false bIsForceNoHLODLayer=false bIsForcedHLODIrrelevant=false)
 |- ContainerInstances:
 |- [+] MainContainer:
 |   |-           ID: 00000000000000000000000000000000
 |   |-     ParentID: 00000000000000000000000000000000
 |   |-       Bounds: IsValid=false, Min=(X=0.000 Y=0.000 Z=0.000), Max=(X=0.000 Y=0.000 Z=0.000)
 |   |-    Transform: 0.000000,0.000000,0.000000|0.000000,0.000000,-0.000000|1.000000,1.000000,1.000000
 |   |-    Container: /Game/FrontLocation
 |   |- HLODRelevant: true
----------------------------------------------------------------------------------------------------------------
FrontLocation - Persistent Level
----------------------------------------------------------------------------------------------------------------
[+] Content of FrontLocation Persistent Level
 |- Always loaded Actor Count: 3 
 |- Actor Path: /Game/FrontLocation.FrontLocation:PersistentLevel.StaticMeshActor_UAID_A4AE111137DC54FB00_1240666663
 |- Actor Package: /Game/__ExternalActors__/FrontLocation/7/0F/XGELQ5LOQ118KX2STJCDNH
 |- Actor Path: /Game/FrontLocation.FrontLocation:PersistentLevel.ThreeWallConfig_C_UAID_98597AE3854ABE9802_1361130451
 |- Actor Package: /Game/__ExternalActors__/FrontLocation/3/GN/03ZGTAH85EEJ0T2G7YS2DT
 |- Actor Path: /Game/FrontLocation.FrontLocation:PersistentLevel.WorldDataLayers
 |- Actor Package: /Game/__ExternalActors__/FrontLocation/9/RO/VHTKEEVGB2P43B8EECL77I

----------------------------------------------------------------------------------------------------------------
FrontLocation - Runtime Hash Set
----------------------------------------------------------------------------------------------------------------

